<?xml version="1.0" encoding="UTF-8"?>
<!-- Generated by org.testng.reporters.JUnitReportReporter -->
<testsuite skipped="0" hostname="DELL-PC" name="com.maven.qa.testpackage.TestNGTests" tests="2" failures="0" timestamp="25 Mar 2018 05:51:46 GMT" time="56.661" errors="0">
  <testcase name="login" time="10.911" classname="com.maven.qa.testpackage.TestNGTests"/>
  <testcase name="placeorder" time="45.750" classname="com.maven.qa.testpackage.TestNGTests"/>
</testsuite> <!-- com.maven.qa.testpackage.TestNGTests -->
