<?xml version="1.0" encoding="UTF-8"?>
<!-- Generated by org.testng.reporters.JUnitReportReporter -->
<testsuite skipped="0" hostname="DELL-PC" name="com.maven.qa.tshirts.TShirtsTests" tests="2" failures="0" timestamp="02 Apr 2018 18:13:41 GMT" time="54.551" errors="0">
  <testcase name="login" time="11.419" classname="com.maven.qa.tshirts.TShirtsTests"/>
  <testcase name="placeorder" time="43.132" classname="com.maven.qa.tshirts.TShirtsTests"/>
</testsuite> <!-- com.maven.qa.tshirts.TShirtsTests -->
