<?xml version="1.0" encoding="UTF-8"?>
<!-- Generated by org.testng.reporters.JUnitReportReporter -->
<testsuite skipped="0" hostname="DELL-PC" name="com.maven.qa.dresses.CasualDressesTests" tests="2" failures="0" timestamp="02 Apr 2018 18:13:41 GMT" time="70.984" errors="0">
  <testcase name="login" time="12.559" classname="com.maven.qa.dresses.CasualDressesTests"/>
  <testcase name="placeorder" time="58.425" classname="com.maven.qa.dresses.CasualDressesTests"/>
</testsuite> <!-- com.maven.qa.dresses.CasualDressesTests -->
