<?xml version="1.0" encoding="UTF-8"?>
<!-- Generated by org.testng.reporters.JUnitReportReporter -->
<testsuite skipped="0" hostname="DELL-PC" name="com.maven.qa.dresses.SummerDressesTests" tests="2" failures="0" timestamp="02 Apr 2018 18:13:41 GMT" time="54.705" errors="0">
  <testcase name="login" time="11.301" classname="com.maven.qa.dresses.SummerDressesTests"/>
  <testcase name="placeorder" time="43.404" classname="com.maven.qa.dresses.SummerDressesTests"/>
</testsuite> <!-- com.maven.qa.dresses.SummerDressesTests -->
