<?xml version="1.0" encoding="UTF-8"?>
<!-- Generated by org.testng.reporters.JUnitReportReporter -->
<testsuite skipped="0" hostname="DELL-PC" name="com.maven.qa.dresses.EveningDressesTests" tests="2" failures="0" timestamp="02 Apr 2018 18:13:41 GMT" time="61.101" errors="0">
  <testcase name="login" time="10.765" classname="com.maven.qa.dresses.EveningDressesTests"/>
  <testcase name="placeorder" time="50.336" classname="com.maven.qa.dresses.EveningDressesTests"/>
</testsuite> <!-- com.maven.qa.dresses.EveningDressesTests -->
